<?xml version="1.0" encoding="UTF-8"?>
<!-- Generated by org.testng.reporters.JUnitReportReporter -->
<testsuite hostname="aziz-aouadi" failures="0" tests="2" name="com.comar.tests.ComarTest" time="7.406" errors="0" timestamp="2023-08-18T17:57:56 BST" skipped="0">
  <testcase classname="com.comar.tests.ComarTest" name="testSearch" time="0.581"/>
  <system-out/>
  <testcase classname="com.comar.tests.ComarTest" name="testActualitesPage" time="6.825"/>
  <system-out/>
</testsuite> <!-- com.comar.tests.ComarTest -->
